d:\Users\zengtao\documents\visual studio 2010\Projects\stl_demo01\Debug\cl.command.1.tlog
d:\Users\zengtao\documents\visual studio 2010\Projects\stl_demo01\Debug\CL.read.1.tlog
d:\Users\zengtao\documents\visual studio 2010\Projects\stl_demo01\Debug\CL.write.1.tlog
d:\Users\zengtao\documents\visual studio 2010\Projects\stl_demo01\Debug\link.11436.read.1.tlog
d:\Users\zengtao\documents\visual studio 2010\Projects\stl_demo01\Debug\link.11436.write.1.tlog
d:\Users\zengtao\documents\visual studio 2010\Projects\stl_demo01\Debug\link.11436-cvtres.read.1.tlog
d:\Users\zengtao\documents\visual studio 2010\Projects\stl_demo01\Debug\link.11436-cvtres.write.1.tlog
d:\Users\zengtao\documents\visual studio 2010\Projects\stl_demo01\Debug\link.command.1.tlog
d:\Users\zengtao\documents\visual studio 2010\Projects\stl_demo01\Debug\link.read.1.tlog
d:\Users\zengtao\documents\visual studio 2010\Projects\stl_demo01\Debug\link.write.1.tlog
d:\Users\zengtao\documents\visual studio 2010\Projects\stl_demo01\Debug\link-cvtres.read.1.tlog
d:\Users\zengtao\documents\visual studio 2010\Projects\stl_demo01\Debug\link-cvtres.write.1.tlog
D:\USERS\ZENGTAO\DOCUMENTS\VISUAL STUDIO 2010\PROJECTS\STL_DEMO01\DEBUG\MAIN.OBJ
d:\Users\zengtao\documents\visual studio 2010\Projects\stl_demo01\Debug\mt.command.1.tlog
d:\Users\zengtao\documents\visual studio 2010\Projects\stl_demo01\Debug\mt.read.1.tlog
d:\Users\zengtao\documents\visual studio 2010\Projects\stl_demo01\Debug\mt.write.1.tlog
D:\USERS\ZENGTAO\DOCUMENTS\VISUAL STUDIO 2010\PROJECTS\STL_DEMO01\DEBUG\OTHER.OBJ
d:\Users\zengtao\documents\visual studio 2010\Projects\stl_demo01\Debug\rc.command.1.tlog
d:\Users\zengtao\documents\visual studio 2010\Projects\stl_demo01\Debug\rc.read.1.tlog
d:\Users\zengtao\documents\visual studio 2010\Projects\stl_demo01\Debug\rc.write.1.tlog
D:\USERS\ZENGTAO\DOCUMENTS\VISUAL STUDIO 2010\PROJECTS\STL_DEMO01\DEBUG\STL_DEMO01.EXE
D:\USERS\ZENGTAO\DOCUMENTS\VISUAL STUDIO 2010\PROJECTS\STL_DEMO01\DEBUG\STL_DEMO01.EXE.EMBED.MANIFEST
D:\USERS\ZENGTAO\DOCUMENTS\VISUAL STUDIO 2010\PROJECTS\STL_DEMO01\DEBUG\STL_DEMO01.EXE.EMBED.MANIFEST.RES
D:\USERS\ZENGTAO\DOCUMENTS\VISUAL STUDIO 2010\PROJECTS\STL_DEMO01\DEBUG\STL_DEMO01.EXE.INTERMEDIATE.MANIFEST
D:\USERS\ZENGTAO\DOCUMENTS\VISUAL STUDIO 2010\PROJECTS\STL_DEMO01\DEBUG\STL_DEMO01.ILK
D:\USERS\ZENGTAO\DOCUMENTS\VISUAL STUDIO 2010\PROJECTS\STL_DEMO01\DEBUG\STL_DEMO01.PDB
d:\Users\zengtao\documents\visual studio 2010\Projects\stl_demo01\Debug\stl_demo01.vcxprojResolveAssemblyReference.cache
d:\Users\zengtao\documents\visual studio 2010\Projects\stl_demo01\Debug\stl_demo01.write.1.tlog
d:\Users\zengtao\documents\visual studio 2010\Projects\stl_demo01\Debug\stl_demo01_manifest.rc
d:\Users\zengtao\documents\visual studio 2010\Projects\stl_demo01\Debug\vc100.idb
D:\USERS\ZENGTAO\DOCUMENTS\VISUAL STUDIO 2010\PROJECTS\STL_DEMO01\DEBUG\VC100.PDB
